<?xml version="1.0" encoding="UTF-8"?>
<testsuite xmlns:xsi="http://www.w3.org/2001/XMLSchema-instance" xsi:noNamespaceSchemaLocation="https://maven.apache.org/surefire/maven-surefire-plugin/xsd/surefire-test-report-3.0.xsd" version="3.0" name="com.gamehub.GamehubApplicationTests" time="5.644" tests="1" errors="0" skipped="0" failures="0">
  <properties>
[...]
</properties>
  <testcase name="contextLoads" classname="com.gamehub.GamehubApplicationTests" time="0.724">
    <system-out><![CDATA[10:00:22.274 [main] INFO org.springframework.test.context.support.AnnotationConfigContextLoaderUtils -- Could not detect default configuration classes for test class [com.gamehub.GamehubApplicationTests]: GamehubApplicationTests does not declare any static, non-private, non-final, nested classes annotated with @Configuration.
10:00:22.359 [main] INFO org.springframework.boot.test.context.SpringBootTestContextBootstrapper -- Found @SpringBootConfiguration com.gamehub.GamehubApplication for test class com.gamehub.GamehubApplicationTests

  .   ____          _            __ _ _
 /\\ / ___'_ __ _ _(_)_ __  __ _ \ \ \ \
( ( )\___ | '_ | '_| | '_ \/ _` | \ \ \ \
 \\/  ___)| |_)| | | | | || (_| |  ) ) ) )
  '  |____| .__|_| |_|_| |_\__, | / / / /
 =========|_|==============|___/=/_/_/_/
 :: Spring Boot ::                (v3.2.5)

2026-06-13T10:00:22.758-05:00  INFO 13784 --- [           main] com.gamehub.GamehubApplicationTests      : Starting GamehubApplicationTests using Java 21.0.9 with PID 13784 (started by antho in C:\SpringFramework_Trabajos\Gamehub)
2026-06-13T10:00:22.759-05:00  INFO 13784 --- [           main] com.gamehub.GamehubApplicationTests      : No active profile set, falling back to 1 default profile: "default"
2026-06-13T10:00:23.583-05:00  INFO 13784 --- [           main] .s.d.r.c.RepositoryConfigurationDelegate : Bootstrapping Spring Data MongoDB repositories in DEFAULT mode.
2026-06-13T10:00:23.634-05:00  INFO 13784 --- [           main] .s.d.r.c.RepositoryConfigurationDelegate : Finished Spring Data repository scanning in 48 ms. Found 8 MongoDB repository interfaces.
2026-06-13T10:00:24.218-05:00  INFO 13784 --- [           main] org.mongodb.driver.client                : MongoClient with metadata {"driver": {"name": "mongo-java-driver|sync|spring-boot", "version": "4.11.2"}, "os": {"type": "Windows", "name": "Windows 11", "architecture": "amd64", "version": "10.0"}, "platform": "Java/Oracle Corporation/21.0.9+7-LTS-338"} created with settings MongoClientSettings{readPreference=primary, writeConcern=WriteConcern{w=null, wTimeout=null ms, journal=null}, retryWrites=true, retryReads=true, readConcern=ReadConcern{level=null}, credential=MongoCredential{mechanism=null, userName='michaelxsd_db_user', source='admin', password=<hidden>, mechanismProperties=<hidden>}, transportSettings=null, streamFactoryFactory=null, commandListeners=[], codecRegistry=ProvidersCodecRegistry{codecProviders=[ValueCodecProvider{}, BsonValueCodecProvider{}, DBRefCodecProvider{}, DBObjectCodecProvider{}, DocumentCodecProvider{}, CollectionCodecProvider{}, IterableCodecProvider{}, MapCodecProvider{}, GeoJsonCodecProvider{}, GridFSFileCodecProvider{}, Jsr310CodecProvider{}, JsonObjectCodecProvider{}, BsonCodecProvider{}, EnumCodecProvider{}, com.mongodb.client.model.mql.ExpressionCodecProvider@5f6b53ed, com.mongodb.Jep395RecordCodecProvider@20cdb152, com.mongodb.KotlinCodecProvider@4cffd3fd]}, loggerSettings=LoggerSettings{maxDocumentLength=1000}, clusterSettings={hosts=[127.0.0.1:27017], srvHost=cluster01.ffhi9v8.mongodb.net, srvServiceName=mongodb, mode=MULTIPLE, requiredClusterType=REPLICA_SET, requiredReplicaSetName='atlas-vi6j61-shard-0', serverSelector='null', clusterListeners='[]', serverSelectionTimeout='30000 ms', localThreshold='15 ms'}, socketSettings=SocketSettings{connectTimeoutMS=10000, readTimeoutMS=0, receiveBufferSize=0, proxySettings=ProxySettings{host=null, port=null, username=null, password=null}}, heartbeatSocketSettings=SocketSettings{connectTimeoutMS=10000, readTimeoutMS=10000, receiveBufferSize=0, proxySettings=ProxySettings{host=null, port=null, username=null, password=null}}, connectionPoolSettings=ConnectionPoolSettings{maxSize=100, minSize=0, maxWaitTimeMS=120000, maxConnectionLifeTimeMS=0, maxConnectionIdleTimeMS=0, maintenanceInitialDelayMS=0, maintenanceFrequencyMS=60000, connectionPoolListeners=[], maxConnecting=2}, serverSettings=ServerSettings{heartbeatFrequencyMS=10000, minHeartbeatFrequencyMS=500, serverListeners='[]', serverMonitorListeners='[]'}, sslSettings=SslSettings{enabled=true, invalidHostNameAllowed=false, context=null}, applicationName='null', compressorList=[], uuidRepresentation=JAVA_LEGACY, serverApi=null, autoEncryptionSettings=null, dnsClient=null, inetAddressResolver=null, contextProvider=null}
2026-06-13T10:00:24.263-05:00  INFO 13784 --- [9v8.mongodb.net] org.mongodb.driver.cluster               : Adding discovered server ac-0jpwfy5-shard-00-02.ffhi9v8.mongodb.net:27017 to client view of cluster
2026-06-13T10:00:24.298-05:00  INFO 13784 --- [9v8.mongodb.net] org.mongodb.driver.cluster               : Adding discovered server ac-0jpwfy5-shard-00-01.ffhi9v8.mongodb.net:27017 to client view of cluster
2026-06-13T10:00:24.299-05:00  INFO 13784 --- [9v8.mongodb.net] org.mongodb.driver.cluster               : Adding discovered server ac-0jpwfy5-shard-00-00.ffhi9v8.mongodb.net:27017 to client view of cluster
2026-06-13T10:00:25.135-05:00  INFO 13784 --- [ngodb.net:27017] org.mongodb.driver.cluster               : Monitor thread successfully connected to server with description ServerDescription{address=ac-0jpwfy5-shard-00-02.ffhi9v8.mongodb.net:27017, type=REPLICA_SET_SECONDARY, state=CONNECTED, ok=true, minWireVersion=0, maxWireVersion=25, maxDocumentSize=16777216, logicalSessionTimeoutMinutes=30, roundTripTimeNanos=509986800, setName='atlas-vi6j61-shard-0', canonicalAddress=ac-0jpwfy5-shard-00-02.ffhi9v8.mongodb.net:27017, hosts=[ac-0jpwfy5-shard-00-00.ffhi9v8.mongodb.net:27017, ac-0jpwfy5-shard-00-02.ffhi9v8.mongodb.net:27017, ac-0jpwfy5-shard-00-01.ffhi9v8.mongodb.net:27017], passives=[], arbiters=[], primary='ac-0jpwfy5-shard-00-01.ffhi9v8.mongodb.net:27017', tagSet=TagSet{[Tag{name='availabilityZone', value='use1-az2'}, Tag{name='cacheState', value='READY'}, Tag{name='diskState', value='READY'}, Tag{name='nodeType', value='ELECTABLE'}, Tag{name='provider', value='AWS'}, Tag{name='region', value='US_EAST_1'}, Tag{name='workloadType', value='OPERATIONAL'}]}, electionId=null, setVersion=162, topologyVersion=TopologyVersion{processId=6a2a1855faf702b35d475297, counter=3}, lastWriteDate=Sat Jun 13 10:00:23 COT 2026, lastUpdateTimeNanos=63135828506400}
2026-06-13T10:00:25.135-05:00  INFO 13784 --- [ngodb.net:27017] org.mongodb.driver.cluster               : Monitor thread successfully connected to server with description ServerDescription{address=ac-0jpwfy5-shard-00-00.ffhi9v8.mongodb.net:27017, type=REPLICA_SET_SECONDARY, state=CONNECTED, ok=true, minWireVersion=0, maxWireVersion=25, maxDocumentSize=16777216, logicalSessionTimeoutMinutes=30, roundTripTimeNanos=506419900, setName='atlas-vi6j61-shard-0', canonicalAddress=ac-0jpwfy5-shard-00-00.ffhi9v8.mongodb.net:27017, hosts=[ac-0jpwfy5-shard-00-00.ffhi9v8.mongodb.net:27017, ac-0jpwfy5-shard-00-02.ffhi9v8.mongodb.net:27017, ac-0jpwfy5-shard-00-01.ffhi9v8.mongodb.net:27017], passives=[], arbiters=[], primary='ac-0jpwfy5-shard-00-01.ffhi9v8.mongodb.net:27017', tagSet=TagSet{[Tag{name='availabilityZone', value='use1-az6'}, Tag{name='cacheState', value='READY'}, Tag{name='diskState', value='READY'}, Tag{name='nodeType', value='ELECTABLE'}, Tag{name='provider', value='AWS'}, Tag{name='region', value='US_EAST_1'}, Tag{name='workloadType', value='OPERATIONAL'}]}, electionId=null, setVersion=162, topologyVersion=TopologyVersion{processId=6a2a0f3104e23bde182cf418, counter=4}, lastWriteDate=Sat Jun 13 10:00:23 COT 2026, lastUpdateTimeNanos=63135828506400}
2026-06-13T10:00:25.135-05:00  INFO 13784 --- [ngodb.net:27017] org.mongodb.driver.cluster               : Monitor thread successfully connected to server with description ServerDescription{address=ac-0jpwfy5-shard-00-01.ffhi9v8.mongodb.net:27017, type=REPLICA_SET_PRIMARY, state=CONNECTED, ok=true, minWireVersion=0, maxWireVersion=25, maxDocumentSize=16777216, logicalSessionTimeoutMinutes=30, roundTripTimeNanos=508224800, setName='atlas-vi6j61-shard-0', canonicalAddress=ac-0jpwfy5-shard-00-01.ffhi9v8.mongodb.net:27017, hosts=[ac-0jpwfy5-shard-00-00.ffhi9v8.mongodb.net:27017, ac-0jpwfy5-shard-00-02.ffhi9v8.mongodb.net:27017, ac-0jpwfy5-shard-00-01.ffhi9v8.mongodb.net:27017], passives=[], arbiters=[], primary='ac-0jpwfy5-shard-00-01.ffhi9v8.mongodb.net:27017', tagSet=TagSet{[Tag{name='availabilityZone', value='use1-az1'}, Tag{name='cacheState', value='READY'}, Tag{name='diskState', value='READY'}, Tag{name='nodeType', value='ELECTABLE'}, Tag{name='provider', value='AWS'}, Tag{name='region', value='US_EAST_1'}, Tag{name='workloadType', value='OPERATIONAL'}]}, electionId=7fffffff0000000000000200, setVersion=162, topologyVersion=TopologyVersion{processId=6a2a11860e423bbf1f0aa57c, counter=6}, lastWriteDate=Sat Jun 13 10:00:23 COT 2026, lastUpdateTimeNanos=63135828506300}
2026-06-13T10:00:25.139-05:00  INFO 13784 --- [ngodb.net:27017] org.mongodb.driver.cluster               : Discovered replica set primary ac-0jpwfy5-shard-00-01.ffhi9v8.mongodb.net:27017 with max election id 7fffffff0000000000000200 and max set version 162
2026-06-13T10:00:25.145-05:00  INFO 13784 --- [           main] o.s.b.a.w.s.WelcomePageHandlerMapping    : Adding welcome page template: index
2026-06-13T10:00:25.496-05:00  INFO 13784 --- [           main] o.s.s.web.DefaultSecurityFilterChain     : Will secure any request with [org.springframework.security.web.session.DisableEncodeUrlFilter@71a2df1, org.springframework.security.web.context.request.async.WebAsyncManagerIntegrationFilter@18faaff6, org.springframework.security.web.context.SecurityContextHolderFilter@302da330, org.springframework.security.web.header.HeaderWriterFilter@797f97e3, org.springframework.web.filter.CorsFilter@2a9e754e, org.springframework.security.web.authentication.logout.LogoutFilter@627acb38, org.springframework.security.web.authentication.UsernamePasswordAuthenticationFilter@3a8fb023, org.springframework.security.web.savedrequest.RequestCacheAwareFilter@9f2376f, org.springframework.security.web.servletapi.SecurityContextHolderAwareRequestFilter@173b1af1, org.springframework.security.web.authentication.AnonymousAuthenticationFilter@760a2b6e, org.springframework.security.web.access.ExceptionTranslationFilter@63c84d31, org.springframework.security.web.access.intercept.AuthorizationFilter@76ffc17c]
2026-06-13T10:00:25.933-05:00  INFO 13784 --- [           main] com.gamehub.GamehubApplicationTests      : Started GamehubApplicationTests in 3.447 seconds (process running for 4.184)
2026-06-13T10:00:25.974-05:00 DEBUG 13784 --- [           main] o.s.data.mongodb.core.MongoTemplate      : Executing count: { "correo" : "admin@gamehub.com"} in collection: usuarios
2026-06-13T10:00:26.906-05:00 DEBUG 13784 --- [           main] o.s.data.mongodb.core.MongoTemplate      : Executing count: { "correo" : "jugador@gamehub.com"} in collection: usuarios
]]></system-out>
    <system-err><![CDATA[WARNING: A Java agent has been loaded dynamically (C:\Users\antho\.m2\repository\net\bytebuddy\byte-buddy-agent\1.14.13\byte-buddy-agent-1.14.13.jar)
WARNING: If a serviceability tool is in use, please run with -XX:+EnableDynamicAgentLoading to hide this warning
WARNING: If a serviceability tool is not in use, please run with -Djdk.instrument.traceUsage for more information
WARNING: Dynamic loading of agents will be disallowed by default in a future release
]]></system-err>
  </testcase>
</testsuite>